<?xml version="1.0" encoding="UTF-8"?>
<testsuite xmlns:xsi="http://www.w3.org/2001/XMLSchema-instance" xsi:noNamespaceSchemaLocation="https://maven.apache.org/surefire/maven-surefire-plugin/xsd/surefire-test-report.xsd" name="com.sds.osdr.chemicalparser.tests.ChemicalParserTests" time="0.34" tests="2" errors="0" skipped="0" failures="0">
  <properties>
    <property name="sun.desktop" value="windows"/>
    <property name="awt.toolkit" value="sun.awt.windows.WToolkit"/>
    <property name="file.encoding.pkg" value="sun.io"/>
    <property name="java.specification.version" value="1.8"/>
    <property name="sun.cpu.isalist" value="amd64"/>
    <property name="sun.jnu.encoding" value="Cp1251"/>
    <property name="java.class.path" value="F:\SDS_DEV\chemical-file-parser-service\source\chemical-parser\target\test-classes;F:\SDS_DEV\chemical-file-parser-service\source\chemical-parser\target\classes;C:\Users\Александр\.m2\repository\com\epam\indigo\indigo\1.3.0beta.r16\indigo-1.3.0beta.r16.jar;C:\Users\Александр\.m2\repository\net\java\dev\jna\jna\4.5.1\jna-4.5.1.jar;C:\Users\Александр\.m2\repository\org\springframework\boot\spring-boot-starter-web\2.0.0.RC1\spring-boot-starter-web-2.0.0.RC1.jar;C:\Users\Александр\.m2\repository\org\springframework\boot\spring-boot-starter\2.0.0.RC1\spring-boot-starter-2.0.0.RC1.jar;C:\Users\Александр\.m2\repository\org\springframework\boot\spring-boot\2.0.0.RC1\spring-boot-2.0.0.RC1.jar;C:\Users\Александр\.m2\repository\org\springframework\boot\spring-boot-autoconfigure\2.0.0.RC1\spring-boot-autoconfigure-2.0.0.RC1.jar;C:\Users\Александр\.m2\repository\org\springframework\boot\spring-boot-starter-logging\2.0.0.RC1\spring-boot-starter-logging-2.0.0.RC1.jar;C:\Users\Александр\.m2\repository\ch\qos\logback\logback-classic\1.2.3\logback-classic-1.2.3.jar;C:\Users\Александр\.m2\repository\ch\qos\logback\logback-core\1.2.3\logback-core-1.2.3.jar;C:\Users\Александр\.m2\repository\org\apache\logging\log4j\log4j-to-slf4j\2.10.0\log4j-to-slf4j-2.10.0.jar;C:\Users\Александр\.m2\repository\org\slf4j\jul-to-slf4j\1.7.25\jul-to-slf4j-1.7.25.jar;C:\Users\Александр\.m2\repository\javax\annotation\javax.annotation-api\1.3.1\javax.annotation-api-1.3.1.jar;C:\Users\Александр\.m2\repository\org\yaml\snakeyaml\1.19\snakeyaml-1.19.jar;C:\Users\Александр\.m2\repository\org\springframework\boot\spring-boot-starter-json\2.0.0.RC1\spring-boot-starter-json-2.0.0.RC1.jar;C:\Users\Александр\.m2\repository\com\fasterxml\jackson\datatype\jackson-datatype-jdk8\2.9.2\jackson-datatype-jdk8-2.9.2.jar;C:\Users\Александр\.m2\repository\com\fasterxml\jackson\module\jackson-module-parameter-names\2.9.2\jackson-module-parameter-names-2.9.2.jar;C:\Users\Александр\.m2\repository\org\springframework\boot\spring-boot-starter-tomcat\2.0.0.RC1\spring-boot-starter-tomcat-2.0.0.RC1.jar;C:\Users\Александр\.m2\repository\org\apache\tomcat\embed\tomcat-embed-core\8.5.27\tomcat-embed-core-8.5.27.jar;C:\Users\Александр\.m2\repository\org\apache\tomcat\embed\tomcat-embed-el\8.5.27\tomcat-embed-el-8.5.27.jar;C:\Users\Александр\.m2\repository\org\apache\tomcat\embed\tomcat-embed-websocket\8.5.27\tomcat-embed-websocket-8.5.27.jar;C:\Users\Александр\.m2\repository\org\hibernate\validator\hibernate-validator\6.0.7.Final\hibernate-validator-6.0.7.Final.jar;C:\Users\Александр\.m2\repository\javax\validation\validation-api\2.0.1.Final\validation-api-2.0.1.Final.jar;C:\Users\Александр\.m2\repository\org\jboss\logging\jboss-logging\3.3.1.Final\jboss-logging-3.3.1.Final.jar;C:\Users\Александр\.m2\repository\org\springframework\spring-web\5.0.3.RELEASE\spring-web-5.0.3.RELEASE.jar;C:\Users\Александр\.m2\repository\org\springframework\spring-beans\5.0.3.RELEASE\spring-beans-5.0.3.RELEASE.jar;C:\Users\Александр\.m2\repository\org\springframework\spring-webmvc\5.0.3.RELEASE\spring-webmvc-5.0.3.RELEASE.jar;C:\Users\Александр\.m2\repository\org\springframework\spring-aop\5.0.3.RELEASE\spring-aop-5.0.3.RELEASE.jar;C:\Users\Александр\.m2\repository\org\springframework\spring-context\5.0.3.RELEASE\spring-context-5.0.3.RELEASE.jar;C:\Users\Александр\.m2\repository\org\springframework\spring-expression\5.0.3.RELEASE\spring-expression-5.0.3.RELEASE.jar;C:\Users\Александр\.m2\repository\org\springframework\boot\spring-boot-starter-actuator\2.0.0.RC1\spring-boot-starter-actuator-2.0.0.RC1.jar;C:\Users\Александр\.m2\repository\org\springframework\boot\spring-boot-actuator-autoconfigure\2.0.0.RC1\spring-boot-actuator-autoconfigure-2.0.0.RC1.jar;C:\Users\Александр\.m2\repository\org\springframework\boot\spring-boot-actuator\2.0.0.RC1\spring-boot-actuator-2.0.0.RC1.jar;C:\Users\Александр\.m2\repository\io\micrometer\micrometer-core\1.0.0-rc.8\micrometer-core-1.0.0-rc.8.jar;C:\Users\Александр\.m2\repository\org\hdrhistogram\HdrHistogram\2.1.10\HdrHistogram-2.1.10.jar;C:\Users\Александр\.m2\repository\org\latencyutils\LatencyUtils\2.0.3\LatencyUtils-2.0.3.jar;C:\Users\Александр\.m2\repository\org\springframework\boot\spring-boot-starter-test\2.0.0.RC1\spring-boot-starter-test-2.0.0.RC1.jar;C:\Users\Александр\.m2\repository\org\springframework\boot\spring-boot-test\2.0.0.RC1\spring-boot-test-2.0.0.RC1.jar;C:\Users\Александр\.m2\repository\org\springframework\boot\spring-boot-test-autoconfigure\2.0.0.RC1\spring-boot-test-autoconfigure-2.0.0.RC1.jar;C:\Users\Александр\.m2\repository\junit\junit\4.12\junit-4.12.jar;C:\Users\Александр\.m2\repository\org\assertj\assertj-core\3.9.0\assertj-core-3.9.0.jar;C:\Users\Александр\.m2\repository\org\mockito\mockito-core\2.13.0\mockito-core-2.13.0.jar;C:\Users\Александр\.m2\repository\net\bytebuddy\byte-buddy\1.7.9\byte-buddy-1.7.9.jar;C:\Users\Александр\.m2\repository\net\bytebuddy\byte-buddy-agent\1.7.9\byte-buddy-agent-1.7.9.jar;C:\Users\Александр\.m2\repository\org\objenesis\objenesis\2.6\objenesis-2.6.jar;C:\Users\Александр\.m2\repository\org\hamcrest\hamcrest-core\1.3\hamcrest-core-1.3.jar;C:\Users\Александр\.m2\repository\org\hamcrest\hamcrest-library\1.3\hamcrest-library-1.3.jar;C:\Users\Александр\.m2\repository\org\skyscreamer\jsonassert\1.5.0\jsonassert-1.5.0.jar;C:\Users\Александр\.m2\repository\com\vaadin\external\google\android-json\0.0.20131108.vaadin1\android-json-0.0.20131108.vaadin1.jar;C:\Users\Александр\.m2\repository\org\springframework\spring-core\5.0.3.RELEASE\spring-core-5.0.3.RELEASE.jar;C:\Users\Александр\.m2\repository\org\springframework\spring-jcl\5.0.3.RELEASE\spring-jcl-5.0.3.RELEASE.jar;C:\Users\Александр\.m2\repository\org\springframework\spring-test\5.0.3.RELEASE\spring-test-5.0.3.RELEASE.jar;C:\Users\Александр\.m2\repository\org\xmlunit\xmlunit-core\2.5.1\xmlunit-core-2.5.1.jar;C:\Users\Александр\.m2\repository\org\mongodb\mongo-java-driver\3.5.0\mongo-java-driver-3.5.0.jar;C:\Users\Александр\.m2\repository\com\npspot\jtransit-light\1.10.33\jtransit-light-1.10.33.jar;C:\Users\Александр\.m2\repository\com\rabbitmq\amqp-client\5.1.2\amqp-client-5.1.2.jar;C:\Users\Александр\.m2\repository\com\fasterxml\jackson\core\jackson-databind\2.9.2\jackson-databind-2.9.2.jar;C:\Users\Александр\.m2\repository\com\fasterxml\jackson\core\jackson-annotations\2.9.0\jackson-annotations-2.9.0.jar;C:\Users\Александр\.m2\repository\com\fasterxml\jackson\core\jackson-core\2.9.2\jackson-core-2.9.2.jar;C:\Users\Александр\.m2\repository\com\fasterxml\jackson\datatype\jackson-datatype-jsr310\2.9.2\jackson-datatype-jsr310-2.9.2.jar;C:\Users\Александр\.m2\repository\org\apache\logging\log4j\log4j-core\2.10.0\log4j-core-2.10.0.jar;C:\Users\Александр\.m2\repository\org\apache\logging\log4j\log4j-api\2.10.0\log4j-api-2.10.0.jar;C:\Users\Александр\.m2\repository\org\apache\commons\commons-io\1.3.2\commons-io-1.3.2.jar;C:\Users\Александр\.m2\repository\com\sds\storage\0.13\storage-0.13.jar;C:\Users\Александр\.m2\repository\com\sds\json-schema-validator\0.13\json-schema-validator-0.13.jar;C:\Users\Александр\.m2\repository\com\jayway\jsonpath\json-path\2.4.0\json-path-2.4.0.jar;C:\Users\Александр\.m2\repository\net\minidev\json-smart\2.3\json-smart-2.3.jar;C:\Users\Александр\.m2\repository\net\minidev\accessors-smart\1.2\accessors-smart-1.2.jar;C:\Users\Александр\.m2\repository\org\ow2\asm\asm\5.0.4\asm-5.0.4.jar;C:\Users\Александр\.m2\repository\org\slf4j\slf4j-api\1.7.25\slf4j-api-1.7.25.jar;C:\Users\Александр\.m2\repository\io\springfox\springfox-swagger2\2.4.0\springfox-swagger2-2.4.0.jar;C:\Users\Александр\.m2\repository\io\swagger\swagger-annotations\1.5.6\swagger-annotations-1.5.6.jar;C:\Users\Александр\.m2\repository\io\swagger\swagger-models\1.5.6\swagger-models-1.5.6.jar;C:\Users\Александр\.m2\repository\io\springfox\springfox-spi\2.4.0\springfox-spi-2.4.0.jar;C:\Users\Александр\.m2\repository\io\springfox\springfox-core\2.4.0\springfox-core-2.4.0.jar;C:\Users\Александр\.m2\repository\io\springfox\springfox-schema\2.4.0\springfox-schema-2.4.0.jar;C:\Users\Александр\.m2\repository\io\springfox\springfox-swagger-common\2.4.0\springfox-swagger-common-2.4.0.jar;C:\Users\Александр\.m2\repository\io\springfox\springfox-spring-web\2.4.0\springfox-spring-web-2.4.0.jar;C:\Users\Александр\.m2\repository\com\google\guava\guava\18.0\guava-18.0.jar;C:\Users\Александр\.m2\repository\com\fasterxml\classmate\1.3.4\classmate-1.3.4.jar;C:\Users\Александр\.m2\repository\org\springframework\plugin\spring-plugin-core\1.2.0.RELEASE\spring-plugin-core-1.2.0.RELEASE.jar;C:\Users\Александр\.m2\repository\org\springframework\plugin\spring-plugin-metadata\1.2.0.RELEASE\spring-plugin-metadata-1.2.0.RELEASE.jar;C:\Users\Александр\.m2\repository\io\springfox\springfox-swagger-ui\2.4.0\springfox-swagger-ui-2.4.0.jar;"/>
    <property name="java.vm.vendor" value="Oracle Corporation"/>
    <property name="sun.arch.data.model" value="64"/>
    <property name="user.variant" value=""/>
    <property name="java.vendor.url" value="http://java.oracle.com/"/>
    <property name="user.timezone" value=""/>
    <property name="java.vm.specification.version" value="1.8"/>
    <property name="os.name" value="Windows 10"/>
    <property name="sun.java.launcher" value="SUN_STANDARD"/>
    <property name="user.country" value="RU"/>
    <property name="sun.boot.library.path" value="C:\Program Files\Java\jdk1.8.0_162\jre\bin"/>
    <property name="sun.java.command" value="C:\Users\8523~1\AppData\Local\Temp\surefire9046580540501106582\surefirebooter6506389722037678727.jar C:\Users\Александр\AppData\Local\Temp\surefire9046580540501106582 2018-02-21T06-11-33_839-jvmRun1 surefire420171688689164069tmp surefire_07889936193249925187tmp"/>
    <property name="surefire.test.class.path" value="F:\SDS_DEV\chemical-file-parser-service\source\chemical-parser\target\test-classes;F:\SDS_DEV\chemical-file-parser-service\source\chemical-parser\target\classes;C:\Users\Александр\.m2\repository\com\epam\indigo\indigo\1.3.0beta.r16\indigo-1.3.0beta.r16.jar;C:\Users\Александр\.m2\repository\net\java\dev\jna\jna\4.5.1\jna-4.5.1.jar;C:\Users\Александр\.m2\repository\org\springframework\boot\spring-boot-starter-web\2.0.0.RC1\spring-boot-starter-web-2.0.0.RC1.jar;C:\Users\Александр\.m2\repository\org\springframework\boot\spring-boot-starter\2.0.0.RC1\spring-boot-starter-2.0.0.RC1.jar;C:\Users\Александр\.m2\repository\org\springframework\boot\spring-boot\2.0.0.RC1\spring-boot-2.0.0.RC1.jar;C:\Users\Александр\.m2\repository\org\springframework\boot\spring-boot-autoconfigure\2.0.0.RC1\spring-boot-autoconfigure-2.0.0.RC1.jar;C:\Users\Александр\.m2\repository\org\springframework\boot\spring-boot-starter-logging\2.0.0.RC1\spring-boot-starter-logging-2.0.0.RC1.jar;C:\Users\Александр\.m2\repository\ch\qos\logback\logback-classic\1.2.3\logback-classic-1.2.3.jar;C:\Users\Александр\.m2\repository\ch\qos\logback\logback-core\1.2.3\logback-core-1.2.3.jar;C:\Users\Александр\.m2\repository\org\apache\logging\log4j\log4j-to-slf4j\2.10.0\log4j-to-slf4j-2.10.0.jar;C:\Users\Александр\.m2\repository\org\slf4j\jul-to-slf4j\1.7.25\jul-to-slf4j-1.7.25.jar;C:\Users\Александр\.m2\repository\javax\annotation\javax.annotation-api\1.3.1\javax.annotation-api-1.3.1.jar;C:\Users\Александр\.m2\repository\org\yaml\snakeyaml\1.19\snakeyaml-1.19.jar;C:\Users\Александр\.m2\repository\org\springframework\boot\spring-boot-starter-json\2.0.0.RC1\spring-boot-starter-json-2.0.0.RC1.jar;C:\Users\Александр\.m2\repository\com\fasterxml\jackson\datatype\jackson-datatype-jdk8\2.9.2\jackson-datatype-jdk8-2.9.2.jar;C:\Users\Александр\.m2\repository\com\fasterxml\jackson\module\jackson-module-parameter-names\2.9.2\jackson-module-parameter-names-2.9.2.jar;C:\Users\Александр\.m2\repository\org\springframework\boot\spring-boot-starter-tomcat\2.0.0.RC1\spring-boot-starter-tomcat-2.0.0.RC1.jar;C:\Users\Александр\.m2\repository\org\apache\tomcat\embed\tomcat-embed-core\8.5.27\tomcat-embed-core-8.5.27.jar;C:\Users\Александр\.m2\repository\org\apache\tomcat\embed\tomcat-embed-el\8.5.27\tomcat-embed-el-8.5.27.jar;C:\Users\Александр\.m2\repository\org\apache\tomcat\embed\tomcat-embed-websocket\8.5.27\tomcat-embed-websocket-8.5.27.jar;C:\Users\Александр\.m2\repository\org\hibernate\validator\hibernate-validator\6.0.7.Final\hibernate-validator-6.0.7.Final.jar;C:\Users\Александр\.m2\repository\javax\validation\validation-api\2.0.1.Final\validation-api-2.0.1.Final.jar;C:\Users\Александр\.m2\repository\org\jboss\logging\jboss-logging\3.3.1.Final\jboss-logging-3.3.1.Final.jar;C:\Users\Александр\.m2\repository\org\springframework\spring-web\5.0.3.RELEASE\spring-web-5.0.3.RELEASE.jar;C:\Users\Александр\.m2\repository\org\springframework\spring-beans\5.0.3.RELEASE\spring-beans-5.0.3.RELEASE.jar;C:\Users\Александр\.m2\repository\org\springframework\spring-webmvc\5.0.3.RELEASE\spring-webmvc-5.0.3.RELEASE.jar;C:\Users\Александр\.m2\repository\org\springframework\spring-aop\5.0.3.RELEASE\spring-aop-5.0.3.RELEASE.jar;C:\Users\Александр\.m2\repository\org\springframework\spring-context\5.0.3.RELEASE\spring-context-5.0.3.RELEASE.jar;C:\Users\Александр\.m2\repository\org\springframework\spring-expression\5.0.3.RELEASE\spring-expression-5.0.3.RELEASE.jar;C:\Users\Александр\.m2\repository\org\springframework\boot\spring-boot-starter-actuator\2.0.0.RC1\spring-boot-starter-actuator-2.0.0.RC1.jar;C:\Users\Александр\.m2\repository\org\springframework\boot\spring-boot-actuator-autoconfigure\2.0.0.RC1\spring-boot-actuator-autoconfigure-2.0.0.RC1.jar;C:\Users\Александр\.m2\repository\org\springframework\boot\spring-boot-actuator\2.0.0.RC1\spring-boot-actuator-2.0.0.RC1.jar;C:\Users\Александр\.m2\repository\io\micrometer\micrometer-core\1.0.0-rc.8\micrometer-core-1.0.0-rc.8.jar;C:\Users\Александр\.m2\repository\org\hdrhistogram\HdrHistogram\2.1.10\HdrHistogram-2.1.10.jar;C:\Users\Александр\.m2\repository\org\latencyutils\LatencyUtils\2.0.3\LatencyUtils-2.0.3.jar;C:\Users\Александр\.m2\repository\org\springframework\boot\spring-boot-starter-test\2.0.0.RC1\spring-boot-starter-test-2.0.0.RC1.jar;C:\Users\Александр\.m2\repository\org\springframework\boot\spring-boot-test\2.0.0.RC1\spring-boot-test-2.0.0.RC1.jar;C:\Users\Александр\.m2\repository\org\springframework\boot\spring-boot-test-autoconfigure\2.0.0.RC1\spring-boot-test-autoconfigure-2.0.0.RC1.jar;C:\Users\Александр\.m2\repository\junit\junit\4.12\junit-4.12.jar;C:\Users\Александр\.m2\repository\org\assertj\assertj-core\3.9.0\assertj-core-3.9.0.jar;C:\Users\Александр\.m2\repository\org\mockito\mockito-core\2.13.0\mockito-core-2.13.0.jar;C:\Users\Александр\.m2\repository\net\bytebuddy\byte-buddy\1.7.9\byte-buddy-1.7.9.jar;C:\Users\Александр\.m2\repository\net\bytebuddy\byte-buddy-agent\1.7.9\byte-buddy-agent-1.7.9.jar;C:\Users\Александр\.m2\repository\org\objenesis\objenesis\2.6\objenesis-2.6.jar;C:\Users\Александр\.m2\repository\org\hamcrest\hamcrest-core\1.3\hamcrest-core-1.3.jar;C:\Users\Александр\.m2\repository\org\hamcrest\hamcrest-library\1.3\hamcrest-library-1.3.jar;C:\Users\Александр\.m2\repository\org\skyscreamer\jsonassert\1.5.0\jsonassert-1.5.0.jar;C:\Users\Александр\.m2\repository\com\vaadin\external\google\android-json\0.0.20131108.vaadin1\android-json-0.0.20131108.vaadin1.jar;C:\Users\Александр\.m2\repository\org\springframework\spring-core\5.0.3.RELEASE\spring-core-5.0.3.RELEASE.jar;C:\Users\Александр\.m2\repository\org\springframework\spring-jcl\5.0.3.RELEASE\spring-jcl-5.0.3.RELEASE.jar;C:\Users\Александр\.m2\repository\org\springframework\spring-test\5.0.3.RELEASE\spring-test-5.0.3.RELEASE.jar;C:\Users\Александр\.m2\repository\org\xmlunit\xmlunit-core\2.5.1\xmlunit-core-2.5.1.jar;C:\Users\Александр\.m2\repository\org\mongodb\mongo-java-driver\3.5.0\mongo-java-driver-3.5.0.jar;C:\Users\Александр\.m2\repository\com\npspot\jtransit-light\1.10.33\jtransit-light-1.10.33.jar;C:\Users\Александр\.m2\repository\com\rabbitmq\amqp-client\5.1.2\amqp-client-5.1.2.jar;C:\Users\Александр\.m2\repository\com\fasterxml\jackson\core\jackson-databind\2.9.2\jackson-databind-2.9.2.jar;C:\Users\Александр\.m2\repository\com\fasterxml\jackson\core\jackson-annotations\2.9.0\jackson-annotations-2.9.0.jar;C:\Users\Александр\.m2\repository\com\fasterxml\jackson\core\jackson-core\2.9.2\jackson-core-2.9.2.jar;C:\Users\Александр\.m2\repository\com\fasterxml\jackson\datatype\jackson-datatype-jsr310\2.9.2\jackson-datatype-jsr310-2.9.2.jar;C:\Users\Александр\.m2\repository\org\apache\logging\log4j\log4j-core\2.10.0\log4j-core-2.10.0.jar;C:\Users\Александр\.m2\repository\org\apache\logging\log4j\log4j-api\2.10.0\log4j-api-2.10.0.jar;C:\Users\Александр\.m2\repository\org\apache\commons\commons-io\1.3.2\commons-io-1.3.2.jar;C:\Users\Александр\.m2\repository\com\sds\storage\0.13\storage-0.13.jar;C:\Users\Александр\.m2\repository\com\sds\json-schema-validator\0.13\json-schema-validator-0.13.jar;C:\Users\Александр\.m2\repository\com\jayway\jsonpath\json-path\2.4.0\json-path-2.4.0.jar;C:\Users\Александр\.m2\repository\net\minidev\json-smart\2.3\json-smart-2.3.jar;C:\Users\Александр\.m2\repository\net\minidev\accessors-smart\1.2\accessors-smart-1.2.jar;C:\Users\Александр\.m2\repository\org\ow2\asm\asm\5.0.4\asm-5.0.4.jar;C:\Users\Александр\.m2\repository\org\slf4j\slf4j-api\1.7.25\slf4j-api-1.7.25.jar;C:\Users\Александр\.m2\repository\io\springfox\springfox-swagger2\2.4.0\springfox-swagger2-2.4.0.jar;C:\Users\Александр\.m2\repository\io\swagger\swagger-annotations\1.5.6\swagger-annotations-1.5.6.jar;C:\Users\Александр\.m2\repository\io\swagger\swagger-models\1.5.6\swagger-models-1.5.6.jar;C:\Users\Александр\.m2\repository\io\springfox\springfox-spi\2.4.0\springfox-spi-2.4.0.jar;C:\Users\Александр\.m2\repository\io\springfox\springfox-core\2.4.0\springfox-core-2.4.0.jar;C:\Users\Александр\.m2\repository\io\springfox\springfox-schema\2.4.0\springfox-schema-2.4.0.jar;C:\Users\Александр\.m2\repository\io\springfox\springfox-swagger-common\2.4.0\springfox-swagger-common-2.4.0.jar;C:\Users\Александр\.m2\repository\io\springfox\springfox-spring-web\2.4.0\springfox-spring-web-2.4.0.jar;C:\Users\Александр\.m2\repository\com\google\guava\guava\18.0\guava-18.0.jar;C:\Users\Александр\.m2\repository\com\fasterxml\classmate\1.3.4\classmate-1.3.4.jar;C:\Users\Александр\.m2\repository\org\springframework\plugin\spring-plugin-core\1.2.0.RELEASE\spring-plugin-core-1.2.0.RELEASE.jar;C:\Users\Александр\.m2\repository\org\springframework\plugin\spring-plugin-metadata\1.2.0.RELEASE\spring-plugin-metadata-1.2.0.RELEASE.jar;C:\Users\Александр\.m2\repository\io\springfox\springfox-swagger-ui\2.4.0\springfox-swagger-ui-2.4.0.jar;"/>
    <property name="sun.cpu.endian" value="little"/>
    <property name="user.home" value="C:\Users\Александр"/>
    <property name="user.language" value="ru"/>
    <property name="java.specification.vendor" value="Oracle Corporation"/>
    <property name="java.home" value="C:\Program Files\Java\jdk1.8.0_162\jre"/>
    <property name="basedir" value="F:\SDS_DEV\chemical-file-parser-service\source\chemical-parser"/>
    <property name="file.separator" value="\"/>
    <property name="line.separator" value="&#10;"/>
    <property name="java.vm.specification.vendor" value="Oracle Corporation"/>
    <property name="java.specification.name" value="Java Platform API Specification"/>
    <property name="java.awt.graphicsenv" value="sun.awt.Win32GraphicsEnvironment"/>
    <property name="surefire.real.class.path" value="C:\Users\8523~1\AppData\Local\Temp\surefire9046580540501106582\surefirebooter6506389722037678727.jar"/>
    <property name="sun.boot.class.path" value="C:\Program Files\Java\jdk1.8.0_162\jre\lib\resources.jar;C:\Program Files\Java\jdk1.8.0_162\jre\lib\rt.jar;C:\Program Files\Java\jdk1.8.0_162\jre\lib\sunrsasign.jar;C:\Program Files\Java\jdk1.8.0_162\jre\lib\jsse.jar;C:\Program Files\Java\jdk1.8.0_162\jre\lib\jce.jar;C:\Program Files\Java\jdk1.8.0_162\jre\lib\charsets.jar;C:\Program Files\Java\jdk1.8.0_162\jre\lib\jfr.jar;C:\Program Files\Java\jdk1.8.0_162\jre\classes"/>
    <property name="user.script" value=""/>
    <property name="sun.management.compiler" value="HotSpot 64-Bit Tiered Compilers"/>
    <property name="java.runtime.version" value="1.8.0_162-b12"/>
    <property name="user.name" value="Александр"/>
    <property name="path.separator" value=";"/>
    <property name="os.version" value="10.0"/>
    <property name="java.endorsed.dirs" value="C:\Program Files\Java\jdk1.8.0_162\jre\lib\endorsed"/>
    <property name="java.runtime.name" value="Java(TM) SE Runtime Environment"/>
    <property name="file.encoding" value="UTF-8"/>
    <property name="java.vm.name" value="Java HotSpot(TM) 64-Bit Server VM"/>
    <property name="maven.ext.class.path" value="C:\Program Files\NetBeans 8.2\java\maven-nblib\netbeans-eventspy.jar"/>
    <property name="localRepository" value="C:\Users\Александр\.m2\repository"/>
    <property name="java.vendor.url.bug" value="http://bugreport.sun.com/bugreport/"/>
    <property name="java.io.tmpdir" value="C:\Users\8523~1\AppData\Local\Temp\"/>
    <property name="java.version" value="1.8.0_162"/>
    <property name="user.dir" value="F:\SDS_DEV\chemical-file-parser-service\source\chemical-parser"/>
    <property name="os.arch" value="amd64"/>
    <property name="java.vm.specification.name" value="Java Virtual Machine Specification"/>
    <property name="java.awt.printerjob" value="sun.awt.windows.WPrinterJob"/>
    <property name="sun.os.patch.level" value=""/>
    <property name="java.library.path" value="C:\Program Files\Java\jdk1.8.0_162\jre\bin;C:\WINDOWS\Sun\Java\bin;C:\WINDOWS\system32;C:\WINDOWS;C:\ProgramData\Oracle\Java\javapath;C:\Program Files\Docker\Docker\Resources\bin;C:\Windows\system32;C:\Windows;C:\Windows\System32\Wbem;C:\Windows\System32\WindowsPowerShell\v1.0\;C:\Program Files (x86)\Skype\Phone\;C:\Program Files (x86)\NVIDIA Corporation\PhysX\Common;C:\Program Files\Microsoft SQL Server\130\Tools\Binn\;C:\Program Files\dotnet\;C:\WINDOWS\system32;C:\WINDOWS;C:\WINDOWS\System32\Wbem;C:\WINDOWS\System32\WindowsPowerShell\v1.0\;C:\Program Files\Git\cmd;C:\Nuget;C:\Program Files\nodejs\;C:\Program Files\TortoiseGit\bin;C:\Program Files\OpenVPN\bin;C:\PhantomJs\bin\phantomjs;C:\Program Files\Maven\apache-maven-3.5.2\bin;D:\Program Files\Java\jdk1.8.0_66\bin;C:\Users\Александр\AppData\Local\Microsoft\WindowsApps;C:\Program Files (x86)\Microsoft VS Code\bin;C:\Nuget;C:\Users\Александр\AppData\Roaming\npm;C:\Program Files (x86)\Microsoft Visual Studio\2017\Professional\Common7\IDE;C:\Program Files (x86)\Microsoft Visual Studio\2017\Community\MSBuild\15.0\Bin;C:\PhantomJs\bin\phantomjs;;."/>
    <property name="java.vm.info" value="mixed mode"/>
    <property name="java.vendor" value="Oracle Corporation"/>
    <property name="java.vm.version" value="25.162-b12"/>
    <property name="java.ext.dirs" value="C:\Program Files\Java\jdk1.8.0_162\jre\lib\ext;C:\WINDOWS\Sun\Java\lib\ext"/>
    <property name="sun.io.unicode.encoding" value="UnicodeLittle"/>
    <property name="java.class.version" value="52.0"/>
  </properties>
  <testcase name="testMethodForCdx" classname="com.sds.osdr.chemicalparser.tests.ChemicalParserTests" time="0.282"/>
  <testcase name="testMethodForSdf" classname="com.sds.osdr.chemicalparser.tests.ChemicalParserTests" time="0.025"/>
</testsuite>